{"C:\\Users\\agontcharov\\Documents\\repos\\SliderGameJavascript\\src\\Game\\Slider.js": {"path":"C:\\Users\\agontcharov\\Documents\\repos\\SliderGameJavascript\\src\\Game\\Slider.js","statementMap":{"0":{"start":{"line":5,"column":6},"end":{"line":5,"column":62}},"1":{"start":{"line":9,"column":6},"end":{"line":18,"column":7}},"2":{"start":{"line":11,"column":10},"end":{"line":11,"column":32}},"3":{"start":{"line":12,"column":10},"end":{"line":12,"column":28}},"4":{"start":{"line":14,"column":11},"end":{"line":18,"column":7}},"5":{"start":{"line":16,"column":10},"end":{"line":16,"column":27}},"6":{"start":{"line":17,"column":10},"end":{"line":17,"column":27}},"7":{"start":{"line":21,"column":6},"end":{"line":24,"column":7}},"8":{"start":{"line":23,"column":10},"end":{"line":23,"column":67}},"9":{"start":{"line":25,"column":6},"end":{"line":28,"column":7}},"10":{"start":{"line":27,"column":8},"end":{"line":27,"column":42}},"11":{"start":{"line":30,"column":6},"end":{"line":30,"column":27}},"12":{"start":{"line":31,"column":6},"end":{"line":31,"column":39}},"13":{"start":{"line":32,"column":6},"end":{"line":32,"column":33}},"14":{"start":{"line":38,"column":8},"end":{"line":44,"column":9}},"15":{"start":{"line":39,"column":12},"end":{"line":39,"column":54}},"16":{"start":{"line":40,"column":12},"end":{"line":40,"column":74}},"17":{"start":{"line":41,"column":15},"end":{"line":44,"column":9}},"18":{"start":{"line":42,"column":12},"end":{"line":42,"column":54}},"19":{"start":{"line":43,"column":12},"end":{"line":43,"column":73}}},"fnMap":{"0":{"name":"(anonymous_0)","decl":{"start":{"line":4,"column":2},"end":{"line":4,"column":3}},"loc":{"start":{"line":4,"column":47},"end":{"line":6,"column":3}},"line":4},"1":{"name":"(anonymous_1)","decl":{"start":{"line":8,"column":2},"end":{"line":8,"column":3}},"loc":{"start":{"line":8,"column":53},"end":{"line":33,"column":3}},"line":8},"2":{"name":"(anonymous_2)","decl":{"start":{"line":35,"column":2},"end":{"line":35,"column":3}},"loc":{"start":{"line":36,"column":4},"end":{"line":45,"column":5}},"line":36}},"branchMap":{"0":{"loc":{"start":{"line":9,"column":6},"end":{"line":18,"column":7}},"type":"if","locations":[{"start":{"line":9,"column":6},"end":{"line":18,"column":7}},{"start":{"line":14,"column":11},"end":{"line":18,"column":7}}],"line":9},"1":{"loc":{"start":{"line":14,"column":11},"end":{"line":18,"column":7}},"type":"if","locations":[{"start":{"line":14,"column":11},"end":{"line":18,"column":7}},{"start":{},"end":{}}],"line":14},"2":{"loc":{"start":{"line":21,"column":6},"end":{"line":24,"column":7}},"type":"if","locations":[{"start":{"line":21,"column":6},"end":{"line":24,"column":7}},{"start":{},"end":{}}],"line":21},"3":{"loc":{"start":{"line":25,"column":6},"end":{"line":28,"column":7}},"type":"if","locations":[{"start":{"line":25,"column":6},"end":{"line":28,"column":7}},{"start":{},"end":{}}],"line":25},"4":{"loc":{"start":{"line":38,"column":8},"end":{"line":44,"column":9}},"type":"if","locations":[{"start":{"line":38,"column":8},"end":{"line":44,"column":9}},{"start":{"line":41,"column":15},"end":{"line":44,"column":9}}],"line":38},"5":{"loc":{"start":{"line":38,"column":12},"end":{"line":38,"column":63}},"type":"binary-expr","locations":[{"start":{"line":38,"column":12},"end":{"line":38,"column":44}},{"start":{"line":38,"column":48},"end":{"line":38,"column":63}}],"line":38},"6":{"loc":{"start":{"line":41,"column":15},"end":{"line":44,"column":9}},"type":"if","locations":[{"start":{"line":41,"column":15},"end":{"line":44,"column":9}},{"start":{},"end":{}}],"line":41},"7":{"loc":{"start":{"line":41,"column":19},"end":{"line":41,"column":59}},"type":"binary-expr","locations":[{"start":{"line":41,"column":19},"end":{"line":41,"column":41}},{"start":{"line":41,"column":45},"end":{"line":41,"column":59}}],"line":41}},"s":{"0":27,"1":44,"2":6,"3":6,"4":38,"5":7,"6":7,"7":44,"8":2,"9":44,"10":2,"11":44,"12":44,"13":44,"14":17,"15":6,"16":6,"17":11,"18":11,"19":11},"f":{"0":27,"1":44,"2":17},"b":{"0":[6,38],"1":[7,31],"2":[2,42],"3":[2,42],"4":[6,11],"5":[17,16],"6":[11,0],"7":[11,10]},"_coverageSchema":"1a1c01bbd47fc00a2c39e90264f33305004495a9","hash":"10db794ebcbc246abd93fe6bca2b7b03d62cfc0d"}
,"C:\\Users\\agontcharov\\Documents\\repos\\SliderGameJavascript\\src\\Game\\Stage.js": {"path":"C:\\Users\\agontcharov\\Documents\\repos\\SliderGameJavascript\\src\\Game\\Stage.js","statementMap":{"0":{"start":{"line":4,"column":8},"end":{"line":4,"column":43}},"1":{"start":{"line":9,"column":8},"end":{"line":14,"column":9}},"2":{"start":{"line":9,"column":21},"end":{"line":9,"column":22}},"3":{"start":{"line":11,"column":12},"end":{"line":13,"column":13}},"4":{"start":{"line":12,"column":16},"end":{"line":12,"column":45}},"5":{"start":{"line":19,"column":8},"end":{"line":19,"column":68}},"6":{"start":{"line":20,"column":24},"end":{"line":20,"column":28}},"7":{"start":{"line":22,"column":8},"end":{"line":29,"column":9}},"8":{"start":{"line":22,"column":21},"end":{"line":22,"column":22}},"9":{"start":{"line":24,"column":12},"end":{"line":28,"column":13}},"10":{"start":{"line":26,"column":16},"end":{"line":26,"column":34}},"11":{"start":{"line":27,"column":16},"end":{"line":27,"column":33}},"12":{"start":{"line":31,"column":8},"end":{"line":31,"column":25}}},"fnMap":{"0":{"name":"(anonymous_0)","decl":{"start":{"line":3,"column":4},"end":{"line":3,"column":5}},"loc":{"start":{"line":3,"column":31},"end":{"line":5,"column":5}},"line":3},"1":{"name":"(anonymous_1)","decl":{"start":{"line":7,"column":4},"end":{"line":7,"column":5}},"loc":{"start":{"line":8,"column":4},"end":{"line":15,"column":5}},"line":8},"2":{"name":"(anonymous_2)","decl":{"start":{"line":17,"column":4},"end":{"line":17,"column":5}},"loc":{"start":{"line":18,"column":4},"end":{"line":32,"column":5}},"line":18}},"branchMap":{"0":{"loc":{"start":{"line":11,"column":12},"end":{"line":13,"column":13}},"type":"if","locations":[{"start":{"line":11,"column":12},"end":{"line":13,"column":13}},{"start":{},"end":{}}],"line":11},"1":{"loc":{"start":{"line":24,"column":12},"end":{"line":28,"column":13}},"type":"if","locations":[{"start":{"line":24,"column":12},"end":{"line":28,"column":13}},{"start":{},"end":{}}],"line":24}},"s":{"0":4,"1":4,"2":4,"3":16,"4":12,"5":3,"6":3,"7":3,"8":3,"9":9,"10":2,"11":2,"12":1},"f":{"0":4,"1":4,"2":3},"b":{"0":[12,4],"1":[2,7]},"_coverageSchema":"1a1c01bbd47fc00a2c39e90264f33305004495a9","hash":"b12a1a6204f54be235dc2ba3baf37f6afccec063"}
}
