TN:
SF:src\Game\Slider.js
FN:4,(anonymous_0)
FN:8,(anonymous_1)
FN:35,(anonymous_2)
FNF:3
FNH:3
FNDA:27,(anonymous_0)
FNDA:44,(anonymous_1)
FNDA:17,(anonymous_2)
DA:5,27
DA:9,44
DA:11,6
DA:12,6
DA:14,38
DA:16,7
DA:17,7
DA:21,44
DA:23,2
DA:25,44
DA:27,2
DA:30,44
DA:31,44
DA:32,44
DA:38,17
DA:39,6
DA:40,6
DA:41,11
DA:42,11
DA:43,11
LF:20
LH:20
BRDA:9,0,0,6
BRDA:9,0,1,38
BRDA:14,1,0,7
BRDA:14,1,1,31
BRDA:21,2,0,2
BRDA:21,2,1,42
BRDA:25,3,0,2
BRDA:25,3,1,42
BRDA:38,4,0,6
BRDA:38,4,1,11
BRDA:38,5,0,17
BRDA:38,5,1,16
BRDA:41,6,0,11
BRDA:41,6,1,0
BRDA:41,7,0,11
BRDA:41,7,1,10
BRF:16
BRH:15
end_of_record
TN:
SF:src\Game\Stage.js
FN:3,(anonymous_0)
FN:7,(anonymous_1)
FN:17,(anonymous_2)
FNF:3
FNH:3
FNDA:4,(anonymous_0)
FNDA:4,(anonymous_1)
FNDA:3,(anonymous_2)
DA:4,4
DA:9,4
DA:11,16
DA:12,12
DA:19,3
DA:20,3
DA:22,3
DA:24,9
DA:26,2
DA:27,2
DA:31,1
LF:11
LH:11
BRDA:11,0,0,12
BRDA:11,0,1,4
BRDA:24,1,0,2
BRDA:24,1,1,7
BRF:4
BRH:4
end_of_record
